GET / 200
GET /portal/login 200
GET /assets/posters/index.html 200
GET /assets/posters/racer01.png 200
GET /assets/posters/racer02.png 200
GET /assets/posters/racer03.png 200
GET /backup 200
GET /backup/config.bak 200
GET /logs 200
GET /logs/dev.log 200
GET /logs/error.log 200
GET /logs/access.log 200
GET /portal/login 200
POST /api/login 200
GET /profile 200
GET /profile?tab=seating 200
GET /admin 200
GET /admin/seating 200
GET /admin/seating?view=tickets 200
POST /admin/seating/create-user 303
POST /admin/seating/create-user 303
GET /admin/seating 200
GET /admin/seating?created=1 200
GET /admin 200
GET /portal/login 200
POST /api/login 200
GET /profile 200
GET /assets/posters/racer04.png 200
GET /assets/posters/racer05.png 200
GET /assets/posters/racer06.png 200
GET /assets/posters/racer07.png 200
GET /assets/posters/racer08.png 200
GET /assets/posters/racer09.png 200
GET /assets/posters/racer10.png 200
GET /assets/posters/racer11.png 200
GET /assets/posters/racer12.png 200
GET /admin/seating 200
POST /admin/seating/create-user 303
